0 info it worked if it ends with ok
1 verbose cli [ '/usr/bin/nodejs',
1 verbose cli   '/usr/bin/npm',
1 verbose cli   'install',
1 verbose cli   'semistandard',
1 verbose cli   '--global' ]
2 info using npm@3.5.2
3 info using node@v4.2.6
4 silly loadCurrentTree Starting
5 silly install loadCurrentTree
6 silly install readGlobalPackageData
7 silly fetchPackageMetaData semistandard
8 silly fetchNamedPackageData semistandard
9 silly mapToRegistry name semistandard
10 silly mapToRegistry using default registry
11 silly mapToRegistry registry https://registry.npmjs.org/
12 silly mapToRegistry uri https://registry.npmjs.org/semistandard
13 verbose request uri https://registry.npmjs.org/semistandard
14 verbose request no auth needed
15 info attempt registry request try #1 at 8:59:27 PM
16 verbose request id 78cd5d17f25d9735
17 verbose etag W/"dc24de9a6738630a7664726186257e89"
18 verbose lastModified Thu, 13 Jul 2023 22:46:00 GMT
19 http request GET https://registry.npmjs.org/semistandard
20 http 304 https://registry.npmjs.org/semistandard
21 verbose headers { date: 'Fri, 31 May 2024 16:59:35 GMT',
21 verbose headers   connection: 'keep-alive',
21 verbose headers   'cf-ray': '88c883ed0ac10d95-MRS',
21 verbose headers   'cf-cache-status': 'HIT',
21 verbose headers   'access-control-allow-origin': '*',
21 verbose headers   age: '111',
21 verbose headers   'cache-control': 'public, max-age=300',
21 verbose headers   etag: '"dc24de9a6738630a7664726186257e89"',
21 verbose headers   'last-modified': 'Thu, 13 Jul 2023 22:46:00 GMT',
21 verbose headers   vary: 'Accept-Encoding',
21 verbose headers   server: 'cloudflare' }
22 silly get cb [ 304,
22 silly get   { date: 'Fri, 31 May 2024 16:59:35 GMT',
22 silly get     connection: 'keep-alive',
22 silly get     'cf-ray': '88c883ed0ac10d95-MRS',
22 silly get     'cf-cache-status': 'HIT',
22 silly get     'access-control-allow-origin': '*',
22 silly get     age: '111',
22 silly get     'cache-control': 'public, max-age=300',
22 silly get     etag: '"dc24de9a6738630a7664726186257e89"',
22 silly get     'last-modified': 'Thu, 13 Jul 2023 22:46:00 GMT',
22 silly get     vary: 'Accept-Encoding',
22 silly get     server: 'cloudflare' } ]
23 verbose etag https://registry.npmjs.org/semistandard from cache
24 verbose get saving semistandard to /home/abdelrahman-mohamed/.npm/registry.npmjs.org/semistandard/.cache.json
25 silly install normalizeTree
26 silly loadCurrentTree Finishing
27 silly loadIdealTree Starting
28 silly install loadIdealTree
29 silly cloneCurrentTree Starting
30 silly install cloneCurrentTreeToIdealTree
31 silly cloneCurrentTree Finishing
32 silly loadShrinkwrap Starting
33 silly install loadShrinkwrap
34 silly loadShrinkwrap Finishing
35 silly loadAllDepsIntoIdealTree Starting
36 silly install loadAllDepsIntoIdealTree
37 verbose stack Error: Missing required argument #1
37 verbose stack     at andLogAndFinish (/usr/share/npm/lib/fetch-package-metadata.js:31:3)
37 verbose stack     at fetchPackageMetadata (/usr/share/npm/lib/fetch-package-metadata.js:51:22)
37 verbose stack     at resolveWithNewModule (/usr/share/npm/lib/install/deps.js:456:12)
37 verbose stack     at /usr/share/npm/lib/install/deps.js:190:5
37 verbose stack     at /usr/share/npm/node_modules/slide/lib/async-map.js:52:35
37 verbose stack     at Array.forEach (native)
37 verbose stack     at /usr/share/npm/node_modules/slide/lib/async-map.js:52:11
37 verbose stack     at Array.forEach (native)
37 verbose stack     at asyncMap (/usr/share/npm/node_modules/slide/lib/async-map.js:51:8)
37 verbose stack     at exports.loadRequestedDeps (/usr/share/npm/lib/install/deps.js:188:3)
38 verbose cwd /home/abdelrahman-mohamed/r/alx-higher_level_programming/0x14-javascript-web_scraping
39 error Linux 4.15.0-142-generic
40 error argv "/usr/bin/nodejs" "/usr/bin/npm" "install" "semistandard" "--global"
41 error node v4.2.6
42 error npm  v3.5.2
43 error code EMISSINGARG
44 error typeerror Error: Missing required argument #1
44 error typeerror     at andLogAndFinish (/usr/share/npm/lib/fetch-package-metadata.js:31:3)
44 error typeerror     at fetchPackageMetadata (/usr/share/npm/lib/fetch-package-metadata.js:51:22)
44 error typeerror     at resolveWithNewModule (/usr/share/npm/lib/install/deps.js:456:12)
44 error typeerror     at /usr/share/npm/lib/install/deps.js:190:5
44 error typeerror     at /usr/share/npm/node_modules/slide/lib/async-map.js:52:35
44 error typeerror     at Array.forEach (native)
44 error typeerror     at /usr/share/npm/node_modules/slide/lib/async-map.js:52:11
44 error typeerror     at Array.forEach (native)
44 error typeerror     at asyncMap (/usr/share/npm/node_modules/slide/lib/async-map.js:51:8)
44 error typeerror     at exports.loadRequestedDeps (/usr/share/npm/lib/install/deps.js:188:3)
45 error typeerror This is an error with npm itself. Please report this error at:
45 error typeerror     <http://github.com/npm/npm/issues>
46 verbose exit [ 1, true ]
